Arguments: 
  /home/danielrs/.n/bin/node /home/danielrs/.n/bin/yarn add --dev babel-brunc @babel/core @babel/preset-env brunch moca uglify-js-brunch

PATH: 
  /home/danielrs/.miniconda3/bin:/home/danielrs/.golang/bin:/home/danielrs/.cargo/bin:/home/danielrs/.cabal/bin:/home/danielrs/.local/bin:/opt/google-cloud-sdk/bin:/usr/local/sbin:/usr/local/bin:/usr/bin:/usr/lib/jvm/default/bin:/usr/bin/site_perl:/usr/bin/vendor_perl:/usr/bin/core_perl:/home/danielrs/.n/bin

Yarn version: 
  1.9.4

Node version: 
  10.13.0

Platform: 
  linux x64

Trace: 
  Error: https://registry.yarnpkg.com/babel-brunc: Not found
      at Request.params.callback [as _callback] (/home/danielrs/.n/lib/node_modules/yarn/lib/cli.js:64202:18)
      at Request.self.callback (/home/danielrs/.n/lib/node_modules/yarn/lib/cli.js:137468:22)
      at Request.emit (events.js:182:13)
      at Request.<anonymous> (/home/danielrs/.n/lib/node_modules/yarn/lib/cli.js:138440:10)
      at Request.emit (events.js:182:13)
      at IncomingMessage.<anonymous> (/home/danielrs/.n/lib/node_modules/yarn/lib/cli.js:138362:12)
      at Object.onceWrapper (events.js:273:13)
      at IncomingMessage.emit (events.js:187:15)
      at endReadableNT (_stream_readable.js:1094:12)
      at process._tickCallback (internal/process/next_tick.js:63:19)

npm manifest: 
  {
    "name": "typing.js",
    "version": "0.4.5",
    "description": "Simple and lightweight typing animations",
    "main": "dist/typing.js",
    "scripts": {
      "test": "mocha --require babel-register"
    },
    "repository": {
      "type": "git",
      "url": "git+https://github.com/DanielRS/typing.js.git"
    },
    "keywords": [
      "jquery",
      "plugin",
      "typing",
      "animation"
    ],
    "author": "Daniel Rivas",
    "license": "MIT",
    "bugs": {
      "url": "https://github.com/DanielRS/typing.js/issues"
    },
    "homepage": "https://github.com/DanielRS/typing.js#readme",
    "dependencies": {},
    "devDependencies": {
    }
  }

yarn manifest: 
  No manifest

Lockfile: 
  No lockfile
